
--============================================================
--
--  PVTfree
--
--  Equation of State PVT Program
--
--  Copyright (C) 2019
--
--  Steve Furnival, HoBoil Limited, Banchory, UK, June 2019
--
--  PVTfree is free software: you can redistribute it and/or modify
--  it under the terms of the GNU General Public License as published by
--  the Free Software Foundation, either version 3 of the License, or
--  (at your option) any later version.
--
--  PVTfree is distributed in the hope that it will be useful,
--  but WITHOUT ANY WARRANTY; without even the implied warranty of
--  MERCHANTABILITY or FITNESS FOR A PARTICULAR PURPOSE.  See the
--  GNU General Public License for more details.
--
--  You should have received a copy of the GNU General Public License
--  along with PVTfree.  If not, see <https://www.gnu.org/licenses/>.
--
--============================================================
--
--  Run on Tuesday 28 January 2020 at 13:40:54
--
--============================================================
--

--============================================================
--  Equation of State Selected = Peng-Robinson (PR)
--============================================================


#############################################
## Initialisation
#############################################

============================================================
  Component Properties
============================================================

Plus Fraction (C7+) Properties

Sample      GasCon    VolOil  

Mol Wt     134.600     233.500    
Spec Grv   0.77250     0.84410    
Alpha      1.00000     1.00000    

   Comp          Mol Wt         Tcrit         Pcrit         Vcrit         Zcrit         AcenF  
   Name        [lb/lbmol]       [degR]        [psia]    [ft3/lbmol]       [dim]         [dim]  
===============================================================================================
N2               28.01300     227.27000     493.00000       1.44300       0.29168       0.04500
C1               16.04300     343.04000     667.80000       1.59000       0.28843       0.01200
CO2              44.01000     547.57000    1070.60000       1.50500       0.27420       0.23100
C2               30.07000     549.76000     707.80000       2.37000       0.28433       0.09100
C3               44.09700     665.68000     616.30000       3.25000       0.28038       0.14500
IC4              58.12400     734.65000     529.10000       4.20800       0.28241       0.17600
NC4              58.12400     765.32000     550.70000       4.08000       0.27357       0.19300
IC5              72.15100     828.77000     490.40000       4.89900       0.27012       0.22700
NC5              72.15100     845.37000     488.60000       4.87000       0.26229       0.25100
C6               84.00000     937.44116     476.73080       5.77503       0.27367       0.28735
C7+P1           117.10160    1059.70696     395.80738       7.63046       0.26558       0.38657
C7+P2           239.54899    1345.36430     223.04249      14.66915       0.22662       0.75354
C7+P3           500.00000    1635.96313     116.06250      25.69085       0.16984       1.34805

   Comp           Tboil      Spec Grav      Parachor     Vol Shift    Mult-OmegaA   Mult-OmegaB
   Name           [degR]    [wrt Wat=1]       [dim]         [dim]         [dim]         [dim]  
===============================================================================================
N2              139.27000       0.47000      41.00000      -0.19270       1.00000       1.00000
C1              200.98000       0.33000      77.00000      -0.15950       1.00000       1.00000
CO2             350.37000       0.50700      70.00000      -0.08170       1.00000       1.00000
C2              332.19000       0.45000     108.00000      -0.11340       1.00000       1.00000
C3              416.00000       0.50800     150.30000      -0.08630       1.00000       1.00000
IC4             470.57000       0.56300     181.50000      -0.08440       1.00000       1.00000
NC4             490.77000       0.58400     189.90000      -0.06750       1.00000       1.00000
IC5             541.79000       0.62500     225.00000      -0.06080       1.00000       1.00000
NC5             556.59000       0.63100     231.50000      -0.03900       1.00000       1.00000
C6              624.40978       0.70795     267.19680       0.02184       1.00000       1.00000
C7+P1           735.04150       0.75581     359.47004       0.01890       1.00000       1.00000
C7+P2          1039.05081       0.83674     658.89906       0.15220       1.00000       1.00000
C7+P3          1390.97207       0.90646    1076.40000       0.28203       1.00000       1.00000

   Comp           IdCpA         IdCpB         IdCpC         IdCpD  
   Name       Btu/lbmo.R    Btu/lbmo.R2   Btu/lbmo.R3   Btu/lbmo.R4
===================================================================
N2              7.450e+00    -1.800e-03     1.980e-06    -4.790e-10
C1              4.600e+00     6.920e-03     8.830e-07    -4.640e-10
CO2             4.730e+00     9.750e-03    -4.130e-06     7.010e-10
C2              1.290e+00     2.370e-02    -5.120e-06     3.570e-10
C3             -1.010e+00     4.070e-02    -1.170e-05     1.320e-09
IC4            -3.320e-01     5.110e-02    -1.360e-05     1.190e-09
NC4             2.270e+00     4.400e-02    -8.170e-06    -1.160e-10
IC5            -2.280e+00     6.730e-02    -2.010e-05     2.350e-09
NC5            -8.670e-01     6.470e-02    -1.900e-05     2.170e-09
C6             -1.027e+00     7.318e-02    -2.261e-05     2.875e-08
C7+P1          -1.487e+00     1.046e-01    -3.184e-05     4.020e-08
C7+P2          -3.189e+00     2.206e-01    -6.600e-05     8.257e-08
C7+P3          -6.809e+00     4.675e-01    -1.387e-04     1.727e-07

============================================================
  Binary Iteraction Parameters
============================================================

  Comp        N2         C1        CO2         C2         C3        IC4        NC4        IC5   
================================================================================================
N2          0.00000    0.02500    0.00000    0.01000    0.09000    0.09500    0.09500    0.10000
C1          0.02500    0.00000    0.10500    0.00000    0.00000    0.00000    0.00000    0.00000
CO2         0.00000    0.10500    0.00000    0.13000    0.12500    0.12000    0.11500    0.11500
C2          0.01000    0.00000    0.13000    0.00000    0.00000    0.00000    0.00000    0.00000
C3          0.09000    0.00000    0.12500    0.00000    0.00000    0.00000    0.00000    0.00000
IC4         0.09500    0.00000    0.12000    0.00000    0.00000    0.00000    0.00000    0.00000
NC4         0.09500    0.00000    0.11500    0.00000    0.00000    0.00000    0.00000    0.00000
IC5         0.10000    0.00000    0.11500    0.00000    0.00000    0.00000    0.00000    0.00000
NC5         0.10000    0.00000    0.11500    0.00000    0.00000    0.00000    0.00000    0.00000
C6          0.11500    0.00000    0.11500    0.00000    0.00000    0.00000    0.00000    0.00000
C7+P1       0.11500    0.03901    0.11500    0.00000    0.00000    0.00000    0.00000    0.00000
C7+P2       0.11500    0.05034    0.11500    0.00000    0.00000    0.00000    0.00000    0.00000
C7+P3       0.11500    0.06010    0.11500    0.00000    0.00000    0.00000    0.00000    0.00000

  Comp       NC5         C6       C7+P1      C7+P2      C7+P3  
===============================================================
N2          0.10000    0.11500    0.11500    0.11500    0.11500
C1          0.00000    0.00000    0.03901    0.05034    0.06010
CO2         0.11500    0.11500    0.11500    0.11500    0.11500
C2          0.00000    0.00000    0.00000    0.00000    0.00000
C3          0.00000    0.00000    0.00000    0.00000    0.00000
IC4         0.00000    0.00000    0.00000    0.00000    0.00000
NC4         0.00000    0.00000    0.00000    0.00000    0.00000
IC5         0.00000    0.00000    0.00000    0.00000    0.00000
NC5         0.00000    0.00000    0.00000    0.00000    0.00000
C6          0.00000    0.00000    0.00000    0.00000    0.00000
C7+P1       0.00000    0.00000    0.00000    0.00000    0.00000
C7+P2       0.00000    0.00000    0.00000    0.00000    0.00000
C7+P3       0.00000    0.00000    0.00000    0.00000    0.00000

============================================================
  Sample Compositions
============================================================

Com|Samp     GasCon       VolOil  
==================================
N2            0.86700      0.37800
C1           79.67600     53.52800
CO2           1.58100      1.20100
C2            7.31800      7.25600
C3            2.85900      3.89700
IC4           0.40900      0.62100
NC4           1.14400      1.71500
IC5           0.35500      0.61000
NC5           0.51500      0.92400
C6            0.62000      1.37500
C7+P1         3.99871     11.17699
C7+P2         0.65349     12.72511
C7+P3         0.00380      4.59291
                                  
Total       100.00000    100.00000

============================================================
  Constant Composition Expansion (CCE) Experiment
============================================================

  Experiment Number 1 run on Sample[1] = GasCon

  At Reservoir Temperature of                239.000 degF

  Observed   Saturation Pressure (Psat) =   4554.000 PSIA
  Calculated Saturation Pressure (Psat) =   4547.678 PSIA

   PRES        RELV-OBS      RELV-CAL      SLIQ-OBS      SLIQ-CAL      ZFAC-OBS      ZFAC-CAL      DENO-CAL      VISG-OBS      VISG-CAL      VISO-CAL  
   PSIA           DIM           DIM          PERC          PERC           DIM           DIM         lb/ft3          CP            CP            cp     
=======================================================================================================================================================
 7010.00000       0.80300       0.79540       0.00000       0.00000       1.19660       1.18458      20.12653       0.03900       0.14204       0.14204
 6714.00000       0.81790       0.81124       0.00000       0.00000       1.16740       1.15716      19.73346       0.03790       0.13704       0.13704
 6419.00000       0.83430       0.82862       0.00000       0.00000       1.13850       1.13002      19.31961       0.03690       0.13198       0.13198
 6125.00000       0.85250       0.84778       0.00000       0.00000       1.11010       1.10319      18.88301       0.03580       0.12684       0.12684
 5832.00000       0.87260       0.86902       0.00000       0.00000       1.08190       1.07674      18.42147       0.03470       0.12160       0.12160
 5538.00000       0.89570       0.89289       0.00000       0.00000       1.05440       1.05054      17.92904       0.03350       0.11621       0.11621
 5240.00000       0.92200       0.92021       0.00000       0.00000       1.02710       1.02443      17.39666       0.03230       0.11060       0.11060
 4949.00000       0.95160       0.95058       0.00000       0.00000       1.00110       0.99947      16.84087       0.03110       0.10494       0.10494
 4657.00000       0.98620       0.98554       0.00000       0.00000       0.97640       0.97509      16.24342       0.02990       0.09907       0.09907
 4554.00000       1.00000       0.99914       0.00000       0.00000       0.96820       0.96668      16.02232       0.02940       0.09695       0.09695
 4511.00000       1.00590       1.00544       0.13000       0.19770       0.00000       0.96345      32.57910       0.00000       0.09581       0.27238
 4360.00000       1.02780       1.02945       0.50000       1.15981       0.00000       0.95292      32.65802       0.00000       0.09142       0.27406
 4064.00000       1.08020       1.08375       1.64000       2.99342       0.00000       0.93475      33.22274       0.00000       0.08258       0.28380
 3775.00000       1.14370       1.14705       2.89000       4.37747       0.00000       0.91963      33.85518       0.00000       0.07422       0.29502
 3340.00000       1.26300       1.26766       4.46000       5.87815       0.00000       0.90172      34.78581       0.00000       0.06226       0.31262
 2899.00000       1.43220       1.43497       5.85000       6.93492       0.00000       0.89003      35.71796       0.00000       0.05102       0.33202
 2461.00000       1.67300       1.67201       6.62000       7.65621       0.00000       0.88556      36.69445       0.00000       0.04101       0.35498
 2022.00000       2.03500       2.02862       7.11000       8.08118       0.00000       0.88851      37.78076       0.00000       0.03249       0.38432
 1864.00000       2.22500       2.20263       7.22000       8.15879       0.00000       0.89139      38.20471       0.00000       0.02983       0.39693
 1474.00000       2.80810       2.80564       7.27000       8.16665       0.00000       0.90248      39.33382       0.00000       0.02423       0.43377
 1170.00000       3.60040       3.57277       7.20000       7.96807       0.00000       0.91497      40.30547       0.00000       0.02078       0.46931

============================================================
  Constant Volume Depletion (CVD) Experiment
============================================================

  Experiment Number 2 run on Sample[1] = GasCon

  At Reservoir Temperature of                239.000 degF

  Observed   Saturation Pressure (Psat) =   4554.200 PSIA
  Calculated Saturation Pressure (Psat) =   4547.678 PSIA

   PRES        MREM-OBS      MREM-CAL      SLIQ-OBS      SLIQ-CAL      ZFAC-OBS      ZFAC-CAL  
   PSIA          PERC          PERC          PERC          PERC           DIM           DIM    
===============================================================================================
 4554.20000       0.00000       0.00000       0.00000       0.00000       0.96800       0.96670
 4207.50000       5.46000       5.32754       0.99000       2.15359       0.94500       0.94320
 3640.40000      15.65000      15.30345       3.06000       4.74879       0.91500       0.91348
 2918.10000      30.48000      29.76726       4.80000       6.37930       0.89600       0.89060
 2323.50000      44.11000      43.01066       5.49000       6.89547       0.89500       0.88618
 1747.70000      57.56000      56.59782       5.54000       6.88310       0.90600       0.89465
 1171.90000      71.39000      70.44713       5.32000       6.48632       0.92500       0.91501
  597.60000      84.71000      84.08716       4.88000       5.75819       0.95300       0.94661
   14.50000      98.00000      98.95608       3.93000       2.03085       0.00000       0.99621

============================================================
  Constant Composition Expansion (CCE) Experiment
============================================================

  Experiment Number 3 run on Sample[2] = VolOil

  At Reservoir Temperature of                120.000 degC

  Observed   Saturation Pressure (Psat) =    313.000 BARA
  Calculated Saturation Pressure (Psat) =    299.967 BARA

   PRES        RELV-OBS      RELV-CAL      SLIQ-CAL      ZFAC-CAL      DENO-CAL      VISG-CAL      VISO-CAL  
   BARA           DIM           DIM          frac           dim         lb/ft3          cp            cp     
=============================================================================================================
  452.80000       0.97000       0.95773       1.00000       1.77570      40.55598       0.48793       0.48793
  427.30000       0.97390       0.96354       1.00000       1.68587      40.31135       0.47063       0.47063
  402.30000       0.97880       0.96964       1.00000       1.59729      40.05771       0.45358       0.45358
  377.00000       0.98430       0.97628       1.00000       1.50707      39.78564       0.43626       0.43626
  351.70000       0.99040       0.98343       1.00000       1.41623      39.49630       0.41886       0.41886
  326.40000       0.99630       0.99117       1.00000       1.32471      39.18762       0.40138       0.40138
  313.00000       1.00000       0.99555       1.00000       1.27593      39.01545       0.39210       0.39210
  301.60000       1.01000       0.99943       1.00000       1.23425      38.86385       0.38417       0.38417
  291.40000       1.02060       1.00974       0.98506       0.96887      39.10916       0.07489       0.38863
  276.50000       1.03770       1.02858       0.96066       0.95764      39.57003       0.06984       0.39851
  251.20000       1.07290       1.06736       0.92311       0.94090      40.34325       0.06150       0.41580
  225.90000       1.11890       1.11753       0.88943       0.92725      41.10953       0.05354       0.43381
  200.90000       1.17920       1.18307       0.85909       0.91705      41.86514       0.04615       0.45239
  176.30000       1.26180       1.27037       0.83140       0.91048      42.61228       0.03947       0.47149
  150.90000       1.37760       1.39714       0.80447       0.90763      43.39353       0.03329       0.49209
  125.60000       1.55430       1.58410       0.77876       0.90907      44.18916       0.02795       0.51346
  100.30000       1.83070       1.88000       0.75352       0.91511      45.01275       0.02347       0.53550
   81.20000       2.16850       2.23990       0.73428       0.92290      45.66291       0.02065       0.55238

============================================================
  Differential Liberation (DLE) Experiment
============================================================

  Experiment Number 4 run on Sample[2] = VolOil

  At Reservoir Temperature of                120.000 degC

  Observed   Saturation Pressure (Psat) =    313.000 BARA
  Calculated Saturation Pressure (Psat) =    299.967 BARA

   PRES         BO-OBS        BO-CAL        GOR-OBS       GOR-CAL      DENO-OBS      DENO-CAL       BT-OBS        BT-CAL        BG-OBS        BG-CAL       ZFAC-CAL      GGRV-CAL      VISO-CAL  
   BARA         RM3/SM3       RM3/SM3       SM3/SM3       SM3/SM3        KG/M3         KG/M3        RM3/SM3       RM3/SM3       RM3/SM3       RM3/SM3         dim           dim           cp     
=================================================================================================================================================================================================
  452.80000       1.65800       1.70025       0.00000     231.31273     663.40000     649.64414       0.00000       1.70025       0.00000       0.00000       0.00000       0.00000       0.48793
  427.30000       1.66400       1.71057       0.00000     231.31273     660.70000     645.72544       0.00000       1.71057       0.00000       0.00000       0.00000       0.00000       0.47063
  402.30000       1.67300       1.72140       0.00000     231.31273     657.50000     641.66263       0.00000       1.72140       0.00000       0.00000       0.00000       0.00000       0.45358
  377.00000       1.68200       1.73317       0.00000     231.31273     653.80000     637.30434       0.00000       1.73317       0.00000       0.00000       0.00000       0.00000       0.43626
  351.70000       1.69300       1.74587       0.00000     231.31273     649.80000     632.66963       0.00000       1.74587       0.00000       0.00000       0.00000       0.00000       0.41886
  326.40000       1.70300       1.75962       0.00000     231.31273     645.90000     627.72500       0.00000       1.75962       0.00000       0.00000       0.00000       0.00000       0.40138
  313.00000       1.70900       1.76738     221.40000     231.31273     643.50000     624.96720       1.70900       1.76738       0.00000       0.00000       0.00000       0.00000       0.39210
  292.70000       1.66200       1.75271     200.60000     223.18533     649.30000     625.82007       1.75800       1.78987       0.00449       0.00457       0.96989       0.77245       0.38778
  261.70000       1.59000       1.66512     174.00000     191.46321     662.40000     641.12609       1.83600       1.86419       0.00492       0.00500       0.94748       0.75608       0.40855
  221.50000       1.51500       1.56709     145.50000     155.85255     678.20000     660.68706       1.96400       2.00194       0.00570       0.00576       0.92509       0.73935       0.43702
  181.50000       1.44700       1.48226     118.80000     125.11473     693.30000     680.03835       2.15000       2.21779       0.00685       0.00693       0.91106       0.72797       0.46712
  141.30000       1.38300       1.40641      93.50000      97.84817     709.00000     699.56839       2.46500       2.58749       0.00880       0.00885       0.90623       0.72309       0.49891
  101.20000       1.32300       1.33753      71.50000      73.44812     726.50000     719.34511       3.05100       3.29953       0.01240       0.01243       0.91155       0.72856       0.53131
   61.20000       1.27100       1.27257      49.50000      51.07742     740.00000     739.78335       4.51300       5.04210       0.02100       0.02091       0.92764       0.75722       0.56241
   30.90000       1.22900       1.22221      32.20000      34.60649     751.60000     756.50273       8.04900       9.54399       0.04270       0.04231       0.94741       0.83531       0.58278
    1.00000       1.09700       1.06018       0.00000       0.00000     783.60000     794.16027       0.00000     316.60806       0.00000       1.36416       0.98866       1.95309       0.60180

============================================================
  Separator Test (SEP) Experiment
============================================================

  Experiment Number 5 run on Sample[2] = VolOil

  Observed   Saturation Pressure (Psat) =    313.000 BARA
  Calculated Saturation Pressure (Psat) =    299.967 BARA

   PRES          TEMP        LSep  VSep     BO-OBS        BO-CAL        GOR-OBS       GOR-CAL      DENO-OBS      DENO-CAL      GGRV-OBS      GGRV-CAL  
   BARA          DEGC        Stg#  Stg#     RM3/SM3       RM3/SM3       SM3/SM3       SM3/SM3        KG/M3         KG/M3          DIM           DIM    
=======================================================================================================================================================
  313.00000     120.00000       1     1       1.56000       1.64762     187.60000     201.99591     656.90000     622.18434       0.00000       0.77951
   12.00000      89.00000       2     0       1.10000       1.06356     180.50000     195.88603     784.80000     791.24654       0.76000       0.76641
    2.50000      93.00000       3     0       1.07100       1.04578       0.00000       6.02149     797.60000     796.21323       0.00000       1.20504
    1.01000      15.00000       0     0       1.00000       1.00000       0.00000       0.08840     853.90000     832.57747       0.00000       0.81805

#############################################
## Regression Using Plus Fraction Variables
#############################################

============================================================
  Component Properties
============================================================

Plus Fraction (C7+) Properties

Sample      GasCon    VolOil  

Mol Wt     133.057     248.281    
Spec Grv   0.78095     0.85261    
Alpha      0.69682     0.50012    

   Comp          Mol Wt         Tcrit         Pcrit         Vcrit         Zcrit         AcenF  
   Name        [lb/lbmol]       [degR]        [psia]    [ft3/lbmol]       [dim]         [dim]  
===============================================================================================
N2               28.01300     227.27000     493.00000       1.44300       0.29168       0.04500
C1               16.04300     343.04000     667.80000       1.59000       0.28843       0.01200
CO2              44.01000     547.57000    1070.60000       1.50500       0.27420       0.23100
C2               30.07000     549.76000     707.80000       2.37000       0.28433       0.09100
C3               44.09700     665.68000     616.30000       3.25000       0.28038       0.14500
IC4              58.12400     734.65000     529.10000       4.20800       0.28241       0.17600
NC4              58.12400     765.32000     550.70000       4.08000       0.27357       0.19300
IC5              72.15100     828.77000     490.40000       4.89900       0.27012       0.22700
NC5              72.15100     845.37000     488.60000       4.87000       0.26229       0.25100
C6               84.00000     937.44116     476.73080       5.77503       0.27367       0.28735
C7+P1           117.10160    1062.43678     402.32072       7.54986       0.26641       0.38374
C7+P2           239.54899    1349.42434     228.18626      14.49649       0.22842       0.74582
C7+P3           500.00000    1639.77410     120.42024      25.26924       0.17292       1.32459

   Comp           Tboil      Spec Grav      Parachor     Vol Shift    Mult-OmegaA   Mult-OmegaB
   Name           [degR]    [wrt Wat=1]       [dim]         [dim]         [dim]         [dim]  
===============================================================================================
N2              139.27000       0.47000      41.00000      -0.19270       1.00000       1.00000
C1              200.98000       0.33000      77.00000      -0.15950       1.00000       1.00000
CO2             350.37000       0.50700      70.00000      -0.08170       1.00000       1.00000
C2              332.19000       0.45000     108.00000      -0.11340       1.00000       1.00000
C3              416.00000       0.50800     150.30000      -0.08630       1.00000       1.00000
IC4             470.57000       0.56300     181.50000      -0.08440       1.00000       1.00000
NC4             490.77000       0.58400     189.90000      -0.06750       1.00000       1.00000
IC5             541.79000       0.62500     225.00000      -0.06080       1.00000       1.00000
NC5             556.59000       0.63100     231.50000      -0.03900       1.00000       1.00000
C6              624.40978       0.70795     267.19680       0.02184       1.00000       1.00000
C7+P1           735.40287       0.76112     359.47004       0.01107       1.00000       1.00000
C7+P2          1039.32987       0.84297     658.89906       0.14086       1.00000       1.00000
C7+P3          1388.88855       0.91347    1076.40000       0.26178       1.00000       1.00000

   Comp           IdCpA         IdCpB         IdCpC         IdCpD  
   Name       Btu/lbmo.R    Btu/lbmo.R2   Btu/lbmo.R3   Btu/lbmo.R4
===================================================================
N2              7.450e+00    -1.800e-03     1.980e-06    -4.790e-10
C1              4.600e+00     6.920e-03     8.830e-07    -4.640e-10
CO2             4.730e+00     9.750e-03    -4.130e-06     7.010e-10
C2              1.290e+00     2.370e-02    -5.120e-06     3.570e-10
C3             -1.010e+00     4.070e-02    -1.170e-05     1.320e-09
IC4            -3.320e-01     5.110e-02    -1.360e-05     1.190e-09
NC4             2.270e+00     4.400e-02    -8.170e-06    -1.160e-10
IC5            -2.280e+00     6.730e-02    -2.010e-05     2.350e-09
NC5            -8.670e-01     6.470e-02    -1.900e-05     2.170e-09
C6             -1.027e+00     7.318e-02    -2.261e-05     2.875e-08
C7+P1          -1.487e+00     1.046e-01    -3.184e-05     4.020e-08
C7+P2          -3.189e+00     2.206e-01    -6.600e-05     8.257e-08
C7+P3          -6.809e+00     4.675e-01    -1.387e-04     1.727e-07

============================================================
  Binary Iteraction Parameters
============================================================

  Comp        N2         C1        CO2         C2         C3        IC4        NC4        IC5   
================================================================================================
N2          0.00000    0.02500    0.00000    0.01000    0.09000    0.09500    0.09500    0.10000
C1          0.02500    0.00000    0.10500    0.00000    0.00000    0.00000    0.00000    0.00000
CO2         0.00000    0.10500    0.00000    0.13000    0.12500    0.12000    0.11500    0.11500
C2          0.01000    0.00000    0.13000    0.00000    0.00000    0.00000    0.00000    0.00000
C3          0.09000    0.00000    0.12500    0.00000    0.00000    0.00000    0.00000    0.00000
IC4         0.09500    0.00000    0.12000    0.00000    0.00000    0.00000    0.00000    0.00000
NC4         0.09500    0.00000    0.11500    0.00000    0.00000    0.00000    0.00000    0.00000
IC5         0.10000    0.00000    0.11500    0.00000    0.00000    0.00000    0.00000    0.00000
NC5         0.10000    0.00000    0.11500    0.00000    0.00000    0.00000    0.00000    0.00000
C6          0.11500    0.00000    0.11500    0.00000    0.00000    0.00000    0.00000    0.00000
C7+P1       0.11500    0.03901    0.11500    0.00000    0.00000    0.00000    0.00000    0.00000
C7+P2       0.11500    0.05034    0.11500    0.00000    0.00000    0.00000    0.00000    0.00000
C7+P3       0.11500    0.06010    0.11500    0.00000    0.00000    0.00000    0.00000    0.00000

  Comp       NC5         C6       C7+P1      C7+P2      C7+P3  
===============================================================
N2          0.10000    0.11500    0.11500    0.11500    0.11500
C1          0.00000    0.00000    0.03901    0.05034    0.06010
CO2         0.11500    0.11500    0.11500    0.11500    0.11500
C2          0.00000    0.00000    0.00000    0.00000    0.00000
C3          0.00000    0.00000    0.00000    0.00000    0.00000
IC4         0.00000    0.00000    0.00000    0.00000    0.00000
NC4         0.00000    0.00000    0.00000    0.00000    0.00000
IC5         0.00000    0.00000    0.00000    0.00000    0.00000
NC5         0.00000    0.00000    0.00000    0.00000    0.00000
C6          0.00000    0.00000    0.00000    0.00000    0.00000
C7+P1       0.00000    0.00000    0.00000    0.00000    0.00000
C7+P2       0.00000    0.00000    0.00000    0.00000    0.00000
C7+P3       0.00000    0.00000    0.00000    0.00000    0.00000

============================================================
  Sample Compositions
============================================================

Com|Samp     GasCon       VolOil  
==================================
N2            0.86700      0.37800
C1           79.67600     53.52800
CO2           1.58100      1.20100
C2            7.31800      7.25600
C3            2.85900      3.89700
IC4           0.40900      0.62100
NC4           1.14400      1.71500
IC5           0.35500      0.61000
NC5           0.51500      0.92400
C6            0.62000      1.37500
C7+P1         4.05982     11.19716
C7+P2         0.59123     11.07837
C7+P3         0.00495      6.21947
                                  
Total       100.00000    100.00000

============================================================
  Constant Composition Expansion (CCE) Experiment
============================================================

  Experiment Number 1 run on Sample[1] = GasCon

  At Reservoir Temperature of                239.000 degF

  Observed   Saturation Pressure (Psat) =   4554.000 PSIA
  Calculated Saturation Pressure (Psat) =   4553.937 PSIA

   PRES        RELV-OBS      RELV-CAL      SLIQ-OBS      SLIQ-CAL      ZFAC-OBS      ZFAC-CAL      DENO-CAL      VISG-OBS      VISG-CAL      VISO-CAL  
   PSIA           DIM           DIM          PERC          PERC           DIM           DIM         lb/ft3          CP            CP            cp     
=======================================================================================================================================================
 7010.00000       0.80300       0.79539       0.00000       0.00000       1.19660       1.18302      20.09632       0.03900       0.14141       0.14141
 6714.00000       0.81790       0.81129       0.00000       0.00000       1.16740       1.15572      19.70247       0.03790       0.13643       0.13643
 6419.00000       0.83430       0.82874       0.00000       0.00000       1.13850       1.12869      19.28780       0.03690       0.13139       0.13139
 6125.00000       0.85250       0.84797       0.00000       0.00000       1.11010       1.10199      18.85035       0.03580       0.12626       0.12626
 5832.00000       0.87260       0.86929       0.00000       0.00000       1.08190       1.07566      18.38792       0.03470       0.12104       0.12104
 5538.00000       0.89570       0.89326       0.00000       0.00000       1.05440       1.04960      17.89456       0.03350       0.11567       0.11567
 5240.00000       0.92200       0.92070       0.00000       0.00000       1.02710       1.02363      17.36122       0.03230       0.11007       0.11007
 4949.00000       0.95160       0.95120       0.00000       0.00000       1.00110       0.99881      16.80447       0.03110       0.10443       0.10443
 4657.00000       0.98620       0.98633       0.00000       0.00000       0.97640       0.97459      16.20604       0.02990       0.09857       0.09857
 4554.00000       1.00000       0.99999       0.00000       0.00000       0.96820       0.96623      15.98461       0.02940       0.09646       0.09646
 4511.00000       1.00590       1.00630       0.13000       0.17482       0.00000       0.96301      33.29879       0.00000       0.09534       0.28013
 4360.00000       1.02780       1.03009       0.50000       0.95269       0.00000       0.95235      33.22602       0.00000       0.09117       0.27957
 4064.00000       1.08020       1.08416       1.64000       2.62679       0.00000       0.93401      33.62769       0.00000       0.08256       0.28664
 3775.00000       1.14370       1.14739       2.89000       3.97401       0.00000       0.91881      34.18614       0.00000       0.07429       0.29636
 3340.00000       1.26300       1.26802       4.46000       5.48703       0.00000       0.90084      35.04709       0.00000       0.06237       0.31215
 2899.00000       1.43220       1.43552       5.85000       6.58810       0.00000       0.88922      35.93344       0.00000       0.05110       0.32999
 2461.00000       1.67300       1.67299       6.62000       7.36037       0.00000       0.88490      36.88537       0.00000       0.04106       0.35166
 2022.00000       2.03500       2.03029       7.11000       7.82925       0.00000       0.88805      37.96402       0.00000       0.03251       0.37985
 1864.00000       2.22500       2.20462       7.22000       7.91973       0.00000       0.89099      38.38791       0.00000       0.02985       0.39204
 1474.00000       2.80810       2.80868       7.27000       7.95287       0.00000       0.90221      39.51991       0.00000       0.02424       0.42767
 1170.00000       3.60040       3.57707       7.20000       7.76826       0.00000       0.91477      40.49511       0.00000       0.02078       0.46199

============================================================
  Constant Volume Depletion (CVD) Experiment
============================================================

  Experiment Number 2 run on Sample[1] = GasCon

  At Reservoir Temperature of                239.000 degF

  Observed   Saturation Pressure (Psat) =   4554.200 PSIA
  Calculated Saturation Pressure (Psat) =   4553.937 PSIA

   PRES        MREM-OBS      MREM-CAL      SLIQ-OBS      SLIQ-CAL      ZFAC-OBS      ZFAC-CAL  
   PSIA          PERC          PERC          PERC          PERC           DIM           DIM    
===============================================================================================
 4554.20000       0.00000       0.00000       0.00000       0.00000       0.96800       0.96625
 4207.50000       5.46000       5.37072       0.99000       1.83813       0.94500       0.94252
 3640.40000      15.65000      15.32594       3.06000       4.35024       0.91500       0.91262
 2918.10000      30.48000      29.79570       4.80000       6.03754       0.89600       0.88978
 2323.50000      44.11000      43.05486       5.49000       6.61181       0.89500       0.88558
 1747.70000      57.56000      56.65273       5.54000       6.63876       0.90600       0.89428
 1171.90000      71.39000      70.50482       5.32000       6.26796       0.92500       0.91480
  597.60000      84.71000      84.14241       4.88000       5.55792       0.95300       0.94650
   14.50000      98.00000      99.02422       3.93000       1.83089       0.00000       0.99619

============================================================
  Constant Composition Expansion (CCE) Experiment
============================================================

  Experiment Number 3 run on Sample[2] = VolOil

  At Reservoir Temperature of                120.000 degC

  Observed   Saturation Pressure (Psat) =    313.000 BARA
  Calculated Saturation Pressure (Psat) =    312.486 BARA

   PRES        RELV-OBS      RELV-CAL      SLIQ-CAL      ZFAC-CAL      DENO-CAL      VISG-CAL      VISO-CAL  
   BARA           DIM           DIM          frac           dim         lb/ft3          cp            cp     
=============================================================================================================
  452.80000       0.97000       0.96399       1.00000       1.82343      41.49186       0.47674       0.47674
  427.30000       0.97390       0.96953       1.00000       1.73062      41.25505       0.46091       0.46091
  402.30000       0.97880       0.97533       1.00000       1.63911      41.00975       0.44528       0.44528
  377.00000       0.98430       0.98162       1.00000       1.54594      40.74687       0.42936       0.42936
  351.70000       0.99040       0.98839       1.00000       1.45215      40.46764       0.41334       0.41334
  326.40000       0.99630       0.99571       1.00000       1.35767      40.17012       0.39720       0.39720
  313.00000       1.00000       0.99984       1.00000       1.30732      40.00437       0.38860       0.38860
  301.60000       1.01000       1.01096       0.98313       0.97755      40.31070       0.07776       0.39407
  291.40000       1.02060       1.02222       0.96811       0.96929      40.60190       0.07435       0.39956
  276.50000       1.03770       1.04064       0.94738       0.95803      41.02463       0.06943       0.40769
  251.20000       1.07290       1.07855       0.91496       0.94119      41.73768       0.06125       0.42183
  225.90000       1.11890       1.12760       0.88540       0.92742      42.44869       0.05340       0.43644
  200.90000       1.17920       1.19170       0.85837       0.91712      43.15378       0.04608       0.45137
  176.30000       1.26180       1.27713       0.83339       0.91049      43.85471       0.03943       0.46655
  150.90000       1.37760       1.40122       0.80883       0.90759      44.59146       0.03327       0.48268
  125.60000       1.55430       1.58433       0.78512       0.90903      45.34572       0.02794       0.49911
  100.30000       1.83070       1.87421       0.76162       0.91507      46.13058       0.02346       0.51564
   81.20000       2.16850       2.22688       0.74355       0.92288      46.75315       0.02065       0.52787

============================================================
  Differential Liberation (DLE) Experiment
============================================================

  Experiment Number 4 run on Sample[2] = VolOil

  At Reservoir Temperature of                120.000 degC

  Observed   Saturation Pressure (Psat) =    313.000 BARA
  Calculated Saturation Pressure (Psat) =    312.486 BARA

   PRES         BO-OBS        BO-CAL        GOR-OBS       GOR-CAL      DENO-OBS      DENO-CAL       BT-OBS        BT-CAL        BG-OBS        BG-CAL       ZFAC-CAL      GGRV-CAL      VISO-CAL  
   BARA         RM3/SM3       RM3/SM3       SM3/SM3       SM3/SM3        KG/M3         KG/M3        RM3/SM3       RM3/SM3       RM3/SM3       RM3/SM3         dim           dim           cp     
=================================================================================================================================================================================================
  452.80000       1.65800       1.66386       0.00000     220.41076     663.40000     664.63539       0.00000       1.66386       0.00000       0.00000       0.00000       0.00000       0.47674
  427.30000       1.66400       1.67341       0.00000     220.41076     660.70000     660.84203       0.00000       1.67341       0.00000       0.00000       0.00000       0.00000       0.46091
  402.30000       1.67300       1.68342       0.00000     220.41076     657.50000     656.91271       0.00000       1.68342       0.00000       0.00000       0.00000       0.00000       0.44528
  377.00000       1.68200       1.69428       0.00000     220.41076     653.80000     652.70186       0.00000       1.69428       0.00000       0.00000       0.00000       0.00000       0.42936
  351.70000       1.69300       1.70597       0.00000     220.41076     649.80000     648.22902       0.00000       1.70597       0.00000       0.00000       0.00000       0.00000       0.41334
  326.40000       1.70300       1.71860       0.00000     220.41076     645.90000     643.46322       0.00000       1.71860       0.00000       0.00000       0.00000       0.00000       0.39720
  313.00000       1.70900       1.72573     221.40000     220.41076     643.50000     640.80806       1.70900       1.72573       0.00000       0.00000       0.00000       0.00000       0.38860
  292.70000       1.66200       1.67420     200.60000     201.26346     649.30000     649.78667       1.75800       1.76179       0.00449       0.00457       0.97032       0.76804       0.39885
  261.70000       1.59000       1.60098     174.00000     174.10119     662.40000     663.87466       1.83600       1.83240       0.00492       0.00500       0.94780       0.75348       0.41593
  221.50000       1.51500       1.51716     145.50000     142.99102     678.20000     682.03977       1.96400       1.96337       0.00570       0.00576       0.92521       0.73825       0.43905
  181.50000       1.44700       1.44312     118.80000     115.64152     693.30000     700.16679       2.15000       2.16873       0.00685       0.00693       0.91102       0.72770       0.46309
  141.30000       1.38300       1.37579      93.50000      91.01452     709.00000     718.59918       2.46500       2.52071       0.00880       0.00885       0.90610       0.72326       0.48790
  101.20000       1.32300       1.31376      71.50000      68.69900     726.50000     737.38835       3.05100       3.19899       0.01240       0.01243       0.91140       0.72897       0.51229
   61.20000       1.27100       1.25453      49.50000      48.02014     740.00000     756.92619       4.51300       4.85943       0.02100       0.02091       0.92750       0.75787       0.53420
   30.90000       1.22900       1.20811      32.20000      32.66285     751.60000     773.00729       8.04900       9.14979       0.04270       0.04230       0.94728       0.83635       0.54660
    1.00000       1.09700       1.05624       0.00000      -0.00000     783.60000     810.22333       0.00000     301.74081       0.00000       1.36420       0.98869       1.95508       0.54651

============================================================
  Separator Test (SEP) Experiment
============================================================

  Experiment Number 5 run on Sample[2] = VolOil

  Observed   Saturation Pressure (Psat) =    313.000 BARA
  Calculated Saturation Pressure (Psat) =    312.486 BARA

   PRES          TEMP        LSep  VSep     BO-OBS        BO-CAL        GOR-OBS       GOR-CAL      DENO-OBS      DENO-CAL      GGRV-OBS      GGRV-CAL  
   BARA          DEGC        Stg#  Stg#     RM3/SM3       RM3/SM3       SM3/SM3       SM3/SM3        KG/M3         KG/M3          DIM           DIM    
=======================================================================================================================================================
  313.00000     120.00000       1     1       1.56000       1.60815     187.60000     193.25528     656.90000     640.70421       0.00000       0.77941
   12.00000      89.00000       2     0       1.10000       1.05971     180.50000     187.47976     784.80000     806.47781       0.76000       0.76644
    2.50000      93.00000       3     0       1.07100       1.04300       0.00000       5.69428     797.60000     811.35131       0.00000       1.20597
    1.01000      15.00000       0     0       1.00000       1.00000       0.00000       0.08124     853.90000     846.15659       0.00000       0.81808

============================================================
  Constant Composition Expansion (CCE) Experiment
============================================================

  Experiment Number 6 run on Sample[1] = GasCon

  At Reservoir Temperature of                239.000 degF

  Observed   Saturation Pressure (Psat) =   4554.000 PSIA
  Calculated Saturation Pressure (Psat) =   4553.937 PSIA

   PRES        RELV-CAL      SLIQ-CAL      ZFAC-CAL      DENO-CAL      VISG-OBS      VISG-CAL      VISO-CAL  
   PSIA           dim          frac           dim         lb/ft3          CP            CP            cp     
=============================================================================================================
 7010.00000       0.79539       0.00000       1.18302      20.09632       0.03900       0.14141       0.14141
 6714.00000       0.81129       0.00000       1.15572      19.70247       0.03790       0.13643       0.13643
 6419.00000       0.82874       0.00000       1.12869      19.28780       0.03690       0.13139       0.13139
 6125.00000       0.84797       0.00000       1.10199      18.85035       0.03580       0.12626       0.12626
 5832.00000       0.86929       0.00000       1.07566      18.38792       0.03470       0.12104       0.12104
 5538.00000       0.89326       0.00000       1.04960      17.89456       0.03350       0.11567       0.11567
 5240.00000       0.92070       0.00000       1.02363      17.36122       0.03230       0.11007       0.11007
 4949.00000       0.95120       0.00000       0.99881      16.80447       0.03110       0.10443       0.10443
 4657.00000       0.98633       0.00000       0.97459      16.20604       0.02990       0.09857       0.09857
 4554.00000       0.99999       0.00000       0.96623      15.98461       0.02940       0.09646       0.09646
 4511.00000       1.00630       0.00175       0.96301      33.29879       0.00000       0.09534       0.28013
 4360.00000       1.03009       0.00953       0.95235      33.22602       0.00000       0.09117       0.27957
 4064.00000       1.08416       0.02627       0.93401      33.62769       0.00000       0.08256       0.28664
 3775.00000       1.14739       0.03974       0.91881      34.18614       0.00000       0.07429       0.29636
 3340.00000       1.26802       0.05487       0.90084      35.04709       0.00000       0.06237       0.31215
 2899.00000       1.43552       0.06588       0.88922      35.93344       0.00000       0.05110       0.32999
 2461.00000       1.67299       0.07360       0.88490      36.88537       0.00000       0.04106       0.35166
 2022.00000       2.03029       0.07829       0.88805      37.96402       0.00000       0.03251       0.37985
 1864.00000       2.20462       0.07920       0.89099      38.38791       0.00000       0.02985       0.39204
 1474.00000       2.80868       0.07953       0.90221      39.51991       0.00000       0.02424       0.42767
 1170.00000       3.57707       0.07768       0.91477      40.49511       0.00000       0.02078       0.46199

#############################################
## Regression Using LBC Viscosity Variables
#############################################

============================================================
  Component Properties
============================================================

Plus Fraction (C7+) Properties

Sample      GasCon    VolOil  

Mol Wt     133.057     248.281    
Spec Grv   0.78095     0.85261    
Alpha      0.69682     0.50012    

   Comp          Mol Wt         Tcrit         Pcrit         Vcrit         Zcrit         AcenF  
   Name        [lb/lbmol]       [degR]        [psia]    [ft3/lbmol]       [dim]         [dim]  
===============================================================================================
N2               28.01300     227.27000     493.00000       0.72150       0.29168       0.04500
C1               16.04300     343.04000     667.80000       0.79500       0.28843       0.01200
CO2              44.01000     547.57000    1070.60000       0.75250       0.27420       0.23100
C2               30.07000     549.76000     707.80000       1.18500       0.28433       0.09100
C3               44.09700     665.68000     616.30000       1.62500       0.28038       0.14500
IC4              58.12400     734.65000     529.10000       2.10400       0.28241       0.17600
NC4              58.12400     765.32000     550.70000       2.04000       0.27357       0.19300
IC5              72.15100     828.77000     490.40000       2.44950       0.27012       0.22700
NC5              72.15100     845.37000     488.60000       2.43500       0.26229       0.25100
C6               84.00000     937.44116     476.73080       2.88752       0.27367       0.28735
C7+P1           117.10160    1062.43678     402.32072       3.77493       0.26641       0.38374
C7+P2           239.54899    1349.42434     228.18626       7.24825       0.22842       0.74582
C7+P3           500.00000    1639.77410     120.42024      12.63462       0.17292       1.32459

   Comp           Tboil      Spec Grav      Parachor     Vol Shift    Mult-OmegaA   Mult-OmegaB
   Name           [degR]    [wrt Wat=1]       [dim]         [dim]         [dim]         [dim]  
===============================================================================================
N2              139.27000       0.47000      41.00000      -0.19270       1.00000       1.00000
C1              200.98000       0.33000      77.00000      -0.15950       1.00000       1.00000
CO2             350.37000       0.50700      70.00000      -0.08170       1.00000       1.00000
C2              332.19000       0.45000     108.00000      -0.11340       1.00000       1.00000
C3              416.00000       0.50800     150.30000      -0.08630       1.00000       1.00000
IC4             470.57000       0.56300     181.50000      -0.08440       1.00000       1.00000
NC4             490.77000       0.58400     189.90000      -0.06750       1.00000       1.00000
IC5             541.79000       0.62500     225.00000      -0.06080       1.00000       1.00000
NC5             556.59000       0.63100     231.50000      -0.03900       1.00000       1.00000
C6              624.40978       0.70795     267.19680       0.02184       1.00000       1.00000
C7+P1           735.40287       0.76112     359.47004       0.01107       1.00000       1.00000
C7+P2          1039.32987       0.84297     658.89906       0.14086       1.00000       1.00000
C7+P3          1388.88855       0.91347    1076.40000       0.26178       1.00000       1.00000

   Comp           IdCpA         IdCpB         IdCpC         IdCpD  
   Name       Btu/lbmo.R    Btu/lbmo.R2   Btu/lbmo.R3   Btu/lbmo.R4
===================================================================
N2              7.450e+00    -1.800e-03     1.980e-06    -4.790e-10
C1              4.600e+00     6.920e-03     8.830e-07    -4.640e-10
CO2             4.730e+00     9.750e-03    -4.130e-06     7.010e-10
C2              1.290e+00     2.370e-02    -5.120e-06     3.570e-10
C3             -1.010e+00     4.070e-02    -1.170e-05     1.320e-09
IC4            -3.320e-01     5.110e-02    -1.360e-05     1.190e-09
NC4             2.270e+00     4.400e-02    -8.170e-06    -1.160e-10
IC5            -2.280e+00     6.730e-02    -2.010e-05     2.350e-09
NC5            -8.670e-01     6.470e-02    -1.900e-05     2.170e-09
C6             -1.027e+00     7.318e-02    -2.261e-05     2.875e-08
C7+P1          -1.487e+00     1.046e-01    -3.184e-05     4.020e-08
C7+P2          -3.189e+00     2.206e-01    -6.600e-05     8.257e-08
C7+P3          -6.809e+00     4.675e-01    -1.387e-04     1.727e-07

============================================================
  Binary Iteraction Parameters
============================================================

  Comp        N2         C1        CO2         C2         C3        IC4        NC4        IC5   
================================================================================================
N2          0.00000    0.02500    0.00000    0.01000    0.09000    0.09500    0.09500    0.10000
C1          0.02500    0.00000    0.10500    0.00000    0.00000    0.00000    0.00000    0.00000
CO2         0.00000    0.10500    0.00000    0.13000    0.12500    0.12000    0.11500    0.11500
C2          0.01000    0.00000    0.13000    0.00000    0.00000    0.00000    0.00000    0.00000
C3          0.09000    0.00000    0.12500    0.00000    0.00000    0.00000    0.00000    0.00000
IC4         0.09500    0.00000    0.12000    0.00000    0.00000    0.00000    0.00000    0.00000
NC4         0.09500    0.00000    0.11500    0.00000    0.00000    0.00000    0.00000    0.00000
IC5         0.10000    0.00000    0.11500    0.00000    0.00000    0.00000    0.00000    0.00000
NC5         0.10000    0.00000    0.11500    0.00000    0.00000    0.00000    0.00000    0.00000
C6          0.11500    0.00000    0.11500    0.00000    0.00000    0.00000    0.00000    0.00000
C7+P1       0.11500    0.03901    0.11500    0.00000    0.00000    0.00000    0.00000    0.00000
C7+P2       0.11500    0.05034    0.11500    0.00000    0.00000    0.00000    0.00000    0.00000
C7+P3       0.11500    0.06010    0.11500    0.00000    0.00000    0.00000    0.00000    0.00000

  Comp       NC5         C6       C7+P1      C7+P2      C7+P3  
===============================================================
N2          0.10000    0.11500    0.11500    0.11500    0.11500
C1          0.00000    0.00000    0.03901    0.05034    0.06010
CO2         0.11500    0.11500    0.11500    0.11500    0.11500
C2          0.00000    0.00000    0.00000    0.00000    0.00000
C3          0.00000    0.00000    0.00000    0.00000    0.00000
IC4         0.00000    0.00000    0.00000    0.00000    0.00000
NC4         0.00000    0.00000    0.00000    0.00000    0.00000
IC5         0.00000    0.00000    0.00000    0.00000    0.00000
NC5         0.00000    0.00000    0.00000    0.00000    0.00000
C6          0.00000    0.00000    0.00000    0.00000    0.00000
C7+P1       0.00000    0.00000    0.00000    0.00000    0.00000
C7+P2       0.00000    0.00000    0.00000    0.00000    0.00000
C7+P3       0.00000    0.00000    0.00000    0.00000    0.00000

============================================================
  Sample Compositions
============================================================

Com|Samp     GasCon       VolOil  
==================================
N2            0.86700      0.37800
C1           79.67600     53.52800
CO2           1.58100      1.20100
C2            7.31800      7.25600
C3            2.85900      3.89700
IC4           0.40900      0.62100
NC4           1.14400      1.71500
IC5           0.35500      0.61000
NC5           0.51500      0.92400
C6            0.62000      1.37500
C7+P1         4.05982     11.19716
C7+P2         0.59123     11.07837
C7+P3         0.00495      6.21947
                                  
Total       100.00000    100.00000

============================================================
  Constant Composition Expansion (CCE) Experiment
============================================================

  Experiment Number 6 run on Sample[1] = GasCon

  At Reservoir Temperature of                239.000 degF

  Observed   Saturation Pressure (Psat) =   4554.000 PSIA
  Calculated Saturation Pressure (Psat) =   4553.937 PSIA

   PRES        RELV-CAL      SLIQ-CAL      ZFAC-CAL      DENO-CAL      VISG-OBS      VISG-CAL      VISO-CAL  
   PSIA           dim          frac           dim         lb/ft3          CP            CP            cp     
=============================================================================================================
 7010.00000       0.79539       0.00000       1.18302      20.09632       0.03900       0.04894       0.04894
 6714.00000       0.81129       0.00000       1.15572      19.70247       0.03790       0.04768       0.04768
 6419.00000       0.82874       0.00000       1.12869      19.28780       0.03690       0.04637       0.04637
 6125.00000       0.84797       0.00000       1.10199      18.85035       0.03580       0.04502       0.04502
 5832.00000       0.86929       0.00000       1.07566      18.38792       0.03470       0.04362       0.04362
 5538.00000       0.89326       0.00000       1.04960      17.89456       0.03350       0.04217       0.04217
 5240.00000       0.92070       0.00000       1.02363      17.36122       0.03230       0.04063       0.04063
 4949.00000       0.95120       0.00000       0.99881      16.80447       0.03110       0.03908       0.03908
 4657.00000       0.98633       0.00000       0.97459      16.20604       0.02990       0.03745       0.03745
 4554.00000       0.99999       0.00000       0.96623      15.98461       0.02940       0.03687       0.03687
 4511.00000       1.00630       0.00175       0.96301      33.29879       0.00000       0.03656       0.06671
 4360.00000       1.03009       0.00953       0.95235      33.22602       0.00000       0.03542       0.06653
 4064.00000       1.08416       0.02627       0.93401      33.62769       0.00000       0.03309       0.06670
 3775.00000       1.14739       0.03974       0.91881      34.18614       0.00000       0.03085       0.06699
 3340.00000       1.26802       0.05487       0.90084      35.04709       0.00000       0.02767       0.06733
 2899.00000       1.43552       0.06588       0.88922      35.93344       0.00000       0.02468       0.06758
 2461.00000       1.67299       0.07360       0.88490      36.88537       0.00000       0.02200       0.06778
 2022.00000       2.03029       0.07829       0.88805      37.96402       0.00000       0.01966       0.06793
 1864.00000       2.20462       0.07920       0.89099      38.38791       0.00000       0.01891       0.06796
 1474.00000       2.80868       0.07953       0.90221      39.51991       0.00000       0.01727       0.06791
 1170.00000       3.57707       0.07768       0.91477      40.49511       0.00000       0.01618       0.06769

============================================================
  Constant Composition Expansion (CCE) Experiment
============================================================

  Experiment Number 6 run on Sample[1] = GasCon

  At Reservoir Temperature of                239.000 degF

  Observed   Saturation Pressure (Psat) =   4554.000 PSIA
  Calculated Saturation Pressure (Psat) =   4553.937 PSIA

   PRES        RELV-CAL      SLIQ-CAL      ZFAC-CAL      DENO-CAL      VISG-OBS      VISG-CAL      VISO-CAL  
   PSIA           dim          frac           dim         lb/ft3          CP            CP            cp     
=============================================================================================================
 7010.00000       0.79539       0.00000       1.18302      20.09632       0.03900       0.04894       0.04894
 6714.00000       0.81129       0.00000       1.15572      19.70247       0.03790       0.04768       0.04768
 6419.00000       0.82874       0.00000       1.12869      19.28780       0.03690       0.04637       0.04637
 6125.00000       0.84797       0.00000       1.10199      18.85035       0.03580       0.04502       0.04502
 5832.00000       0.86929       0.00000       1.07566      18.38792       0.03470       0.04362       0.04362
 5538.00000       0.89326       0.00000       1.04960      17.89456       0.03350       0.04217       0.04217
 5240.00000       0.92070       0.00000       1.02363      17.36122       0.03230       0.04063       0.04063
 4949.00000       0.95120       0.00000       0.99881      16.80447       0.03110       0.03908       0.03908
 4657.00000       0.98633       0.00000       0.97459      16.20604       0.02990       0.03745       0.03745
 4554.00000       0.99999       0.00000       0.96623      15.98461       0.02940       0.03687       0.03687
 4511.00000       1.00630       0.00175       0.96301      33.29879       0.00000       0.03656       0.06671
 4360.00000       1.03009       0.00953       0.95235      33.22602       0.00000       0.03542       0.06653
 4064.00000       1.08416       0.02627       0.93401      33.62769       0.00000       0.03309       0.06670
 3775.00000       1.14739       0.03974       0.91881      34.18614       0.00000       0.03085       0.06699
 3340.00000       1.26802       0.05487       0.90084      35.04709       0.00000       0.02767       0.06733
 2899.00000       1.43552       0.06588       0.88922      35.93344       0.00000       0.02468       0.06758
 2461.00000       1.67299       0.07360       0.88490      36.88537       0.00000       0.02200       0.06778
 2022.00000       2.03029       0.07829       0.88805      37.96402       0.00000       0.01966       0.06793
 1864.00000       2.20462       0.07920       0.89099      38.38791       0.00000       0.01891       0.06796
 1474.00000       2.80868       0.07953       0.90221      39.51991       0.00000       0.01727       0.06791
 1170.00000       3.57707       0.07768       0.91477      40.49511       0.00000       0.01618       0.06769

#############################################
## Grouping From 13 Components To 6
#############################################

============================================================
  Component Properties
============================================================

Plus Fraction (C7+) Properties

Sample      GasCon    VolOil  

Mol Wt     133.057     248.281    
Spec Grv   0.78095     0.85261    
Alpha      0.69682     0.50012    

   Comp          Mol Wt         Tcrit         Pcrit         Vcrit         Zcrit         AcenF  
   Name        [lb/lbmol]       [degR]        [psia]    [ft3/lbmol]       [dim]         [dim]  
===============================================================================================
C1N2             16.17185     341.79380     665.91838       0.79421       0.28846       0.01236
C2C3             35.35511     577.65189     734.33413       1.23383       0.28201       0.12295
C4C6             67.40649     817.21668     515.18133       2.33590       0.27247       0.22372
C7P1            117.10160    1062.43678     402.32072       3.77493       0.26641       0.38374
C7P2            239.54899    1349.42434     228.18626       7.24825       0.22842       0.74582
C7P3            500.00000    1639.77410     120.42024      12.63462       0.17292       1.32459

   Comp           Tboil      Spec Grav      Parachor     Vol Shift    Mult-OmegaA   Mult-OmegaB
   Name           [degR]    [wrt Wat=1]       [dim]         [dim]         [dim]         [dim]  
===============================================================================================
C1N2            200.31573       0.33184      76.61248      -0.15986       0.99925       0.99971
C2C3            355.01322       0.47541     113.17585      -0.10255       1.03438       1.03584
C4C6            532.37508       0.62248     215.65515      -0.04596       1.01533       1.00847
C7P1            735.40287       0.76112     359.47004       0.01107       1.00000       1.00000
C7P2           1039.32987       0.84297     658.89906       0.14086       1.00000       1.00000
C7P3           1388.88855       0.91347    1076.40000       0.26178       1.00000       1.00000

   Comp           IdCpA         IdCpB         IdCpC         IdCpD  
   Name       Btu/lbmo.R    Btu/lbmo.R2   Btu/lbmo.R3   Btu/lbmo.R4
===================================================================
C1N2            4.631e+00     6.826e-03     8.948e-07    -4.642e-10
C2C3            1.193e+00     2.596e-02    -6.587e-06     6.374e-10
C4C6            1.868e-01     5.712e-02    -1.507e-05     6.615e-09
C7P1           -1.487e+00     1.046e-01    -3.184e-05     4.020e-08
C7P2           -3.189e+00     2.206e-01    -6.600e-05     8.257e-08
C7P3           -6.809e+00     4.675e-01    -1.387e-04     1.727e-07

============================================================
  Binary Iteraction Parameters
============================================================

  Comp       C1N2       C2C3       C4C6       C7P1       C7P2       C7P3  
==========================================================================
C1N2        0.00000    0.01427    0.00108    0.03983    0.05104    0.06070
C2C3        0.01427    0.00000    0.01555    0.01546    0.01546    0.01546
C4C6        0.00108    0.01555    0.00000    0.00000    0.00000    0.00000
C7P1        0.03983    0.01546    0.00000    0.00000    0.00000    0.00000
C7P2        0.05104    0.01546    0.00000    0.00000    0.00000    0.00000
C7P3        0.06070    0.01546    0.00000    0.00000    0.00000    0.00000

============================================================
  Sample Compositions
============================================================

Com|Samp     GasCon       VolOil  
==================================
C1N2         80.54300     53.90600
C2C3         11.75800     12.35400
C4C6          3.04300      5.24500
C7P1          4.05982     11.19716
C7P2          0.59123     11.07837
C7P3          0.00495      6.21947
                                  
Total       100.00000    100.00000

============================================================
  Constant Composition Expansion (CCE) Experiment
============================================================

  Experiment Number 1 run on Sample[1] = GasCon

  At Reservoir Temperature of                239.000 degF

  Observed   Saturation Pressure (Psat) =   4554.000 PSIA
  Calculated Saturation Pressure (Psat) =   4529.387 PSIA

   PRES        RELV-OBS      RELV-CAL      SLIQ-OBS      SLIQ-CAL      ZFAC-OBS      ZFAC-CAL      DENO-CAL      VISG-OBS      VISG-CAL      VISO-CAL  
   PSIA           DIM           DIM          PERC          PERC           DIM           DIM         lb/ft3          CP            CP            cp     
=======================================================================================================================================================
 7010.00000       0.80300       0.79268       0.00000       0.00000       1.19660       1.18354      20.08754       0.03900       0.04888       0.04888
 6714.00000       0.81790       0.80853       0.00000       0.00000       1.16740       1.15623      19.69376       0.03790       0.04762       0.04762
 6419.00000       0.83430       0.82592       0.00000       0.00000       1.13850       1.12920      19.27917       0.03690       0.04631       0.04631
 6125.00000       0.85250       0.84509       0.00000       0.00000       1.11010       1.10249      18.84180       0.03580       0.04496       0.04496
 5832.00000       0.87260       0.86635       0.00000       0.00000       1.08190       1.07616      18.37947       0.03470       0.04357       0.04357
 5538.00000       0.89570       0.89024       0.00000       0.00000       1.05440       1.05009      17.88622       0.03350       0.04211       0.04211
 5240.00000       0.92200       0.91760       0.00000       0.00000       1.02710       1.02411      17.35301       0.03230       0.04058       0.04058
 4949.00000       0.95160       0.94800       0.00000       0.00000       1.00110       0.99929      16.79640       0.03110       0.03902       0.03902
 4657.00000       0.98620       0.98302       0.00000       0.00000       0.97640       0.97506      16.19814       0.02990       0.03740       0.03740
 4554.00000       1.00000       0.99664       0.00000       0.00000       0.96820       0.96671      15.97678       0.02940       0.03681       0.03681
 4511.00000       1.00590       1.00269       0.13000       0.06631       0.00000       0.96334      33.68519       0.00000       0.03654       0.06713
 4360.00000       1.02780       1.02623       0.50000       0.75719       0.00000       0.95251      33.54432       0.00000       0.03543       0.06689
 4064.00000       1.08020       1.07992       1.64000       2.36092       0.00000       0.93391      33.89164       0.00000       0.03311       0.06701
 3775.00000       1.14370       1.14278       2.89000       3.68377       0.00000       0.91848      34.44029       0.00000       0.03088       0.06728
 3340.00000       1.26300       1.26274       4.46000       5.17413       0.00000       0.90017      35.29515       0.00000       0.02770       0.06761
 2899.00000       1.43220       1.42935       5.85000       6.26058       0.00000       0.88820      36.17056       0.00000       0.02470       0.06784
 2461.00000       1.67300       1.66567       6.62000       7.02958       0.00000       0.88361      37.10452       0.00000       0.02201       0.06800
 2022.00000       2.03500       2.02154       7.11000       7.50798       0.00000       0.88664      38.16172       0.00000       0.01965       0.06812
 1864.00000       2.22500       2.19526       7.22000       7.60450       0.00000       0.88959      38.57788       0.00000       0.01890       0.06813
 1474.00000       2.80810       2.79744       7.27000       7.65696       0.00000       0.90093      39.69158       0.00000       0.01724       0.06805
 1170.00000       3.60040       3.56370       7.20000       7.49161       0.00000       0.91369      40.65315       0.00000       0.01614       0.06780

============================================================
  Constant Volume Depletion (CVD) Experiment
============================================================

  Experiment Number 2 run on Sample[1] = GasCon

  At Reservoir Temperature of                239.000 degF

  Observed   Saturation Pressure (Psat) =   4554.200 PSIA
  Calculated Saturation Pressure (Psat) =   4529.387 PSIA

   PRES        MREM-OBS      MREM-CAL      SLIQ-OBS      SLIQ-CAL      ZFAC-OBS      ZFAC-CAL  
   PSIA          PERC          PERC          PERC          PERC           DIM           DIM    
===============================================================================================
 4554.20000       0.00000       0.00000       0.00000       0.00000       0.96800       0.96672
 4207.50000       5.46000       5.00436       0.99000       1.59466       0.94500       0.94254
 3640.40000      15.65000      14.98347       3.06000       4.06602       0.91500       0.91219
 2918.10000      30.48000      29.50749       4.80000       5.74202       0.89600       0.88877
 2323.50000      44.11000      42.83746       5.49000       6.32979       0.89500       0.88423
 1747.70000      57.56000      56.52499       5.54000       6.38225       0.90600       0.89291
 1171.90000      71.39000      70.47075       5.32000       6.03907       0.92500       0.91374
  597.60000      84.71000      84.18594       4.88000       5.35871       0.95300       0.94602
   14.50000      98.00000      99.02956       3.93000       1.81158       0.00000       0.99630

============================================================
  Constant Composition Expansion (CCE) Experiment
============================================================

  Experiment Number 3 run on Sample[2] = VolOil

  At Reservoir Temperature of                120.000 degC

  Observed   Saturation Pressure (Psat) =    313.000 BARA
  Calculated Saturation Pressure (Psat) =    315.663 BARA

   PRES        RELV-OBS      RELV-CAL      SLIQ-CAL      ZFAC-CAL      DENO-CAL      VISG-CAL      VISO-CAL  
   BARA           DIM           DIM          frac           dim         lb/ft3          cp            cp     
=============================================================================================================
  452.80000       0.97000       0.96473       1.00000       1.82037      41.50424       0.07559       0.07559
  427.30000       0.97390       0.97030       1.00000       1.72777      41.26589       0.07490       0.07490
  402.30000       0.97880       0.97614       1.00000       1.63648      41.01897       0.07420       0.07420
  377.00000       0.98430       0.98248       1.00000       1.54352      40.75431       0.07344       0.07344
  351.70000       0.99040       0.98930       1.00000       1.44994      40.47315       0.07265       0.07265
  326.40000       0.99630       0.99668       1.00000       1.35567      40.17353       0.07181       0.07181
  313.00000       1.00000       1.00254       0.99574       0.98652      40.11738       0.03317       0.07142
  301.60000       1.01000       1.01411       0.97813       0.97669      40.44598       0.03213       0.07135
  291.40000       1.02060       1.02547       0.96318       0.96835      40.73795       0.03121       0.07127
  276.50000       1.03770       1.04406       0.94254       0.95697      41.16166       0.02988       0.07112
  251.20000       1.07290       1.08231       0.91028       0.93995      41.87604       0.02768       0.07077
  225.90000       1.11890       1.13179       0.88086       0.92603      42.58801       0.02557       0.07032
  200.90000       1.17920       1.19645       0.85395       0.91561      43.29364       0.02361       0.06973
  176.30000       1.26180       1.28264       0.82909       0.90890      43.99469       0.02180       0.06900
  150.90000       1.37760       1.40788       0.80463       0.90601      44.73096       0.02008       0.06805
  125.60000       1.55430       1.59273       0.78102       0.90753      45.48374       0.01854       0.06686
  100.30000       1.83070       1.88545       0.75763       0.91377      46.26525       0.01718       0.06535
   81.20000       2.16850       2.24156       0.73968       0.92180      46.88300       0.01627       0.06393

============================================================
  Differential Liberation (DLE) Experiment
============================================================

  Experiment Number 4 run on Sample[2] = VolOil

  At Reservoir Temperature of                120.000 degC

  Observed   Saturation Pressure (Psat) =    313.000 BARA
  Calculated Saturation Pressure (Psat) =    315.663 BARA

   PRES         BO-OBS        BO-CAL        GOR-OBS       GOR-CAL      DENO-OBS      DENO-CAL       BT-OBS        BT-CAL        BG-OBS        BG-CAL       ZFAC-CAL      GGRV-CAL      VISO-CAL  
   BARA         RM3/SM3       RM3/SM3       SM3/SM3       SM3/SM3        KG/M3         KG/M3        RM3/SM3       RM3/SM3       RM3/SM3       RM3/SM3         dim           dim           cp     
=================================================================================================================================================================================================
  452.80000       1.65800       1.66763       0.00000     222.00360     663.40000     664.83381       0.00000       1.66763       0.00000       0.00000       0.00000       0.00000       0.07559
  427.30000       1.66400       1.67727       0.00000     222.00360     660.70000     661.01577       0.00000       1.67727       0.00000       0.00000       0.00000       0.00000       0.07490
  402.30000       1.67300       1.68736       0.00000     222.00360     657.50000     657.06041       0.00000       1.68736       0.00000       0.00000       0.00000       0.00000       0.07420
  377.00000       1.68200       1.69832       0.00000     222.00360     653.80000     652.82109       0.00000       1.69832       0.00000       0.00000       0.00000       0.00000       0.07344
  351.70000       1.69300       1.71012       0.00000     222.00360     649.80000     648.31733       0.00000       1.71012       0.00000       0.00000       0.00000       0.00000       0.07265
  326.40000       1.70300       1.72287       0.00000     222.00360     645.90000     643.51779       0.00000       1.72287       0.00000       0.00000       0.00000       0.00000       0.07181
  313.00000       1.70900       1.72124     221.40000     219.29875     643.50000     642.61833       1.70900       1.73301       0.00000       0.00435       0.98652       0.78503       0.07142
  292.70000       1.66200       1.66809     200.60000     199.69644     649.30000     651.96854       1.75800       1.77003       0.00449       0.00457       0.96939       0.77420       0.07128
  261.70000       1.59000       1.59496     174.00000     172.63091     662.40000     666.09676       1.83600       1.84139       0.00492       0.00499       0.94663       0.75973       0.07093
  221.50000       1.51500       1.51129     145.50000     141.64587     678.20000     684.30219       1.96400       1.97373       0.00570       0.00575       0.92380       0.74476       0.07023
  181.50000       1.44700       1.43741     118.80000     114.41700     693.30000     702.45625       2.15000       2.18125       0.00685       0.00691       0.90945       0.73469       0.06918
  141.30000       1.38300       1.37024      93.50000      89.90484     709.00000     720.89965       2.46500       2.53698       0.00880       0.00883       0.90448       0.73105       0.06769
  101.20000       1.32300       1.30834      71.50000      67.69268     726.50000     739.67890       3.05100       3.22267       0.01240       0.01241       0.90988       0.73819       0.06559
   61.20000       1.27100       1.24920      49.50000      47.09402     740.00000     759.17406       4.51300       4.90204       0.02100       0.02088       0.92630       0.76977       0.06260
   30.90000       1.22900       1.20284      32.20000      31.77370     751.60000     775.16166       8.04900       9.24434       0.04270       0.04227       0.94667       0.85222       0.05930
    1.00000       1.09700       1.05593       0.00000       0.00000     783.60000     810.92397       0.00000     303.99141       0.00000       1.36455       0.98895       1.95910       0.05018

============================================================
  Separator Test (SEP) Experiment
============================================================

  Experiment Number 5 run on Sample[2] = VolOil

  Observed   Saturation Pressure (Psat) =    313.000 BARA
  Calculated Saturation Pressure (Psat) =    315.663 BARA

   PRES          TEMP        LSep  VSep     BO-OBS        BO-CAL        GOR-OBS       GOR-CAL      DENO-OBS      DENO-CAL      GGRV-OBS      GGRV-CAL  
   BARA          DEGC        Stg#  Stg#     RM3/SM3       RM3/SM3       SM3/SM3       SM3/SM3        KG/M3         KG/M3          DIM           DIM    
=======================================================================================================================================================
  313.00000     120.00000       1     1       1.56000       1.61414     187.60000     195.58029     656.90000     641.38257       0.00000       0.78780
   12.00000      89.00000       2     0       1.10000       1.05907     180.50000     189.88179     784.80000     807.62290       0.76000       0.77497
    2.50000      93.00000       3     0       1.07100       1.04270       0.00000       5.61502     797.60000     812.26789       0.00000       1.22121
    1.01000      15.00000       0     0       1.00000       1.00000       0.00000       0.08348     853.90000     846.86305       0.00000       0.82983

============================================================
  Constant Composition Expansion (CCE) Experiment
============================================================

  Experiment Number 6 run on Sample[1] = GasCon

  At Reservoir Temperature of                239.000 degF

  Observed   Saturation Pressure (Psat) =   4554.000 PSIA
  Calculated Saturation Pressure (Psat) =   4529.387 PSIA

   PRES        RELV-CAL      SLIQ-CAL      ZFAC-CAL      DENO-CAL      VISG-OBS      VISG-CAL      VISO-CAL  
   PSIA           dim          frac           dim         lb/ft3          CP            CP            cp     
=============================================================================================================
 7010.00000       0.79268       0.00000       1.18354      20.08754       0.03900       0.04888       0.04888
 6714.00000       0.80853       0.00000       1.15623      19.69376       0.03790       0.04762       0.04762
 6419.00000       0.82592       0.00000       1.12920      19.27917       0.03690       0.04631       0.04631
 6125.00000       0.84509       0.00000       1.10249      18.84180       0.03580       0.04496       0.04496
 5832.00000       0.86635       0.00000       1.07616      18.37947       0.03470       0.04357       0.04357
 5538.00000       0.89024       0.00000       1.05009      17.88622       0.03350       0.04211       0.04211
 5240.00000       0.91760       0.00000       1.02411      17.35301       0.03230       0.04058       0.04058
 4949.00000       0.94800       0.00000       0.99929      16.79640       0.03110       0.03902       0.03902
 4657.00000       0.98302       0.00000       0.97506      16.19814       0.02990       0.03740       0.03740
 4554.00000       0.99664       0.00000       0.96671      15.97678       0.02940       0.03681       0.03681
 4511.00000       1.00269       0.00066       0.96334      33.68519       0.00000       0.03654       0.06713
 4360.00000       1.02623       0.00757       0.95251      33.54432       0.00000       0.03543       0.06689
 4064.00000       1.07992       0.02361       0.93391      33.89164       0.00000       0.03311       0.06701
 3775.00000       1.14278       0.03684       0.91848      34.44029       0.00000       0.03088       0.06728
 3340.00000       1.26274       0.05174       0.90017      35.29515       0.00000       0.02770       0.06761
 2899.00000       1.42935       0.06261       0.88820      36.17056       0.00000       0.02470       0.06784
 2461.00000       1.66567       0.07030       0.88361      37.10452       0.00000       0.02201       0.06800
 2022.00000       2.02154       0.07508       0.88664      38.16172       0.00000       0.01965       0.06812
 1864.00000       2.19526       0.07605       0.88959      38.57788       0.00000       0.01890       0.06813
 1474.00000       2.79744       0.07657       0.90093      39.69158       0.00000       0.01724       0.06805
 1170.00000       3.56370       0.07492       0.91369      40.65315       0.00000       0.01614       0.06780

============================================================
  Swelling Test (SWL) Experiment
============================================================

  Experiment Number 7 run on Sample[2] = VolOil

  At Reservoir Temperature of                120.000 degC

   MOLE        PSAT-CAL      VSWL-CAL  
   FRAC          psia           dim    
=======================================
    0.00000    4578.30726       1.00000
    0.20000    5257.09515       1.09982
    0.40000    5790.78969       1.19966
    0.60000    6216.16033       1.29971

============================================================
  Composition Versus Depth (GRD) Experiment
============================================================

  Experiment Number 8 run on Sample[1] = GasCon

  At Reservoir Temperature of                239.000 degF

   HEIG        PRES-OBS      PRES-CAL      PSAT-OBS      PSAT-CAL      DENS-CAL       ZC1-CAL      ZC7+-CAL  
    FT           PSIA          PSIA          PSIA          PSIA         lb/ft3         frac          frac    
=============================================================================================================
 7000.00000    5060.00000    5062.04640    4250.00000    4275.55020      16.29580       0.81599       0.03992
 7100.00000    5072.00000    5073.41385       0.00000    4323.25139      16.44300       0.81411       0.04107
 7200.00000    5084.00000    5084.88630    4350.00000    4372.33697      16.59857       0.81213       0.04230
 7300.00000    5096.00000    5096.46993       0.00000    4422.94468      16.76363       0.81003       0.04362
 7400.00000    5108.00000    5108.17178       0.00000    4475.23352      16.93955       0.80780       0.04503
 7500.00000    5120.00000    5120.00000    4554.00000    4529.38686      15.92304       0.80543       0.04656
 7600.00000    5132.00000    5131.96410       0.00000    4580.83089      17.33096       0.80280       0.04822
 7700.00000    5144.00000    5144.07538       0.00000    4634.27954      17.55131       0.79996       0.05004
 7800.00000    5156.00000    5156.34749    4700.00000    4701.34196      17.79541       0.79701       0.05208
 7900.00000    5168.00000    5168.79736       0.00000    4760.94057      18.06553       0.79356       0.05436
 8000.00000    5180.00000    5181.44666    4850.00000    4816.54837      18.36928       0.78957       0.05694
 8100.00000    5192.00000    5194.32424       0.00000    4895.44339      18.72554       0.78526       0.06003
 8200.00000    5204.00000    5207.47105    5030.00000    4966.21605      19.15070       0.77984       0.06376
 8300.00000    5216.00000    5220.95099       0.00000    5053.63900      19.69459       0.77310       0.06861
 8400.00000    5228.00000    5234.88383       0.00000    5161.02815      20.49325       0.76328       0.07590
 8450.00000    5236.00000    5242.10606       0.00000    5231.38227      21.15409       0.75519       0.08207
 8500.00000    5240.00000    5249.70584    4870.00000    5333.97785      22.63478       0.73709       0.09632
 8600.00000    5252.00000    5272.39566       0.00000    5080.81661      30.19399       0.64277       0.17995
 8700.00000    5264.00000    5293.65925       0.00000    5004.34799      30.98366       0.63252       0.18992
